Week07A_32025/app/build/intermediates/manifest_merge_blame_file/debug/manifest-merger-blame-debug-report.txt
1<?xml version="1.0" encoding="utf-8"?>
2<manifest xmlns:android="http://schemas.android.com/apk/res/android"
3    package="id.ac.umn.week07a_32025"
4    android:versionCode="1"
5    android:versionName="1.0" >
6
7    <uses-sdk
8        android:minSdkVersion="21"
8-->src\main\AndroidManifest.xml
9        android:targetSdkVersion="30" />
9-->src\main\AndroidManifest.xml
10
11    <uses-feature
11-->src\main\AndroidManifest.xml:4:5-5:35
12        android:name="android.hardware.camera"
12-->src\main\AndroidManifest.xml:4:19-57
13        android:required="true" />
13-->src\main\AndroidManifest.xml:5:9-32
14
15    <application
15-->src\main\AndroidManifest.xml:6:5-20:19
16        android:allowBackup="true"
16-->src\main\AndroidManifest.xml:7:9-35
17        android:appComponentFactory="androidx.core.app.CoreComponentFactory"
17-->[androidx.core:core:1.3.1] AndroidManifest.xml:24:18-86
18        android:debuggable="true"
19        android:icon="@mipmap/ic_launcher"
19-->src\main\AndroidManifest.xml:8:9-43
20        android:label="@string/app_name"
20-->src\main\AndroidManifest.xml:9:9-41
21        android:roundIcon="@mipmap/ic_launcher_round"
21-->src\main\AndroidManifest.xml:10:9-54
22        android:supportsRtl="true"
22-->src\main\AndroidManifest.xml:11:9-35
23        android:testOnly="true"
24        android:theme="@style/Theme.Week07A_32025" >
24-->src\main\AndroidManifest.xml:12:9-51
25        <activity android:name="id.ac.umn.week07a_32025.MainActivity" >
25-->src\main\AndroidManifest.xml:13:9-19:20
25-->src\main\AndroidManifest.xml:13:19-47
26            <intent-filter>
26-->src\main\AndroidManifest.xml:14:13-18:29
27                <action android:name="android.intent.action.MAIN" />
27-->src\main\AndroidManifest.xml:15:17-69
27-->src\main\AndroidManifest.xml:15:25-66
28
29                <category android:name="android.intent.category.LAUNCHER" />
29-->src\main\AndroidManifest.xml:17:17-77
29-->src\main\AndroidManifest.xml:17:27-74
30            </intent-filter>
31        </activity>
32    </application>
33
34</manifest>